<?xml version="1.0" encoding="UTF-8"?>
<testng-results skipped="0" failed="0" ignored="0" total="1" passed="1">
  <reporter-output>
  </reporter-output>
  <suite name="Default suite" duration-ms="83" started-at="2021-12-16T06:09:34Z" finished-at="2021-12-16T06:09:34Z">
    <groups>
    </groups>
    <test name="Default test" duration-ms="83" started-at="2021-12-16T06:09:34Z" finished-at="2021-12-16T06:09:34Z">
      <class name="com.crm.Samplegit">
        <test-method status="PASS" signature="samplegit()[pri:0, instance:com.crm.Samplegit@6574b225]" name="samplegit" duration-ms="33" started-at="2021-12-16T11:39:34Z" finished-at="2021-12-16T11:39:34Z">
          <reporter-output>
          </reporter-output>
        </test-method> <!-- samplegit -->
      </class> <!-- com.crm.Samplegit -->
    </test> <!-- Default test -->
  </suite> <!-- Default suite -->
</testng-results>
